[debug] [2020-01-17T13:21:58.924Z] ----------------------------------------------------------------------
[debug] [2020-01-17T13:21:58.927Z] Command:       /usr/local/bin/node /usr/local/bin/firebase serve
[debug] [2020-01-17T13:21:58.927Z] CLI Version:   7.12.1
[debug] [2020-01-17T13:21:58.928Z] Platform:      darwin
[debug] [2020-01-17T13:21:58.928Z] Node Version:  v10.16.3
[debug] [2020-01-17T13:21:58.929Z] Time:          Fri Jan 17 2020 10:21:58 GMT-0300 (GMT-03:00)
[debug] [2020-01-17T13:21:58.929Z] ----------------------------------------------------------------------
[debug] [2020-01-17T13:21:58.929Z] 
[debug] [2020-01-17T13:21:58.947Z] > command requires scopes: ["email","openid","https://www.googleapis.com/auth/cloudplatformprojects.readonly","https://www.googleapis.com/auth/firebase","https://www.googleapis.com/auth/cloud-platform"]
[debug] [2020-01-17T13:21:58.948Z] > authorizing via signed-in user
[debug] [2020-01-17T13:21:58.948Z] [iam] checking project social-network-7c958 for permissions ["firebase.projects.get"]
[debug] [2020-01-17T13:21:58.951Z] > refreshing access token with scopes: ["email","https://www.googleapis.com/auth/cloud-platform","https://www.googleapis.com/auth/cloudplatformprojects.readonly","https://www.googleapis.com/auth/firebase","openid"]
[debug] [2020-01-17T13:21:58.951Z] >>> HTTP REQUEST POST https://www.googleapis.com/oauth2/v3/token  
 <request body omitted>
[debug] [2020-01-17T13:21:59.328Z] <<< HTTP RESPONSE 200
[debug] [2020-01-17T13:21:59.337Z] >>> HTTP REQUEST POST https://cloudresourcemanager.googleapis.com/v1/projects/social-network-7c958:testIamPermissions  

[debug] [2020-01-17T13:22:00.536Z] <<< HTTP RESPONSE 200
[debug] [2020-01-17T13:22:00.538Z] >>> HTTP REQUEST GET https://firebase.googleapis.com/v1beta1/projects/social-network-7c958  
 
[debug] [2020-01-17T13:22:01.812Z] <<< HTTP RESPONSE 200
[info] 
[info] === Serving from '/Users/mac/Desktop/Laboratoria/SCL012-Social-Network'...
[info] 
[debug] [2020-01-17T13:22:01.817Z] >>> HTTP REQUEST GET https://firebase.googleapis.com/v1beta1/projects/social-network-7c958/webApps/-/config  
 
[debug] [2020-01-17T13:22:03.160Z] <<< HTTP RESPONSE 200
[info] i  hosting: Serving hosting files from: src
[info] ✔  hosting: Local server: http://localhost:5000
